<?xml version="1.0" encoding="UTF-8"?>
<!-- Generated by org.testng.reporters.JUnitReportReporter -->
<testsuite hostname="LAPTOP-DOIK9JVK" failures="0" tests="1" name="pack1.NewTest263b" time="2.921" errors="0" timestamp="2022-03-15T13:51:39 EDT" skipped="0">
  <testcase classname="pack1.NewTest263b" name="f" time="2.921"/>
  <system-out/>
</testsuite> <!-- pack1.NewTest263b -->
