<?xml version="1.0" encoding="UTF-8"?>
<!-- Generated by org.testng.reporters.JUnitReportReporter -->
<testsuite hostname="LAPTOP-DOIK9JVK" failures="0" tests="1" name="pack1.NewTest63" time="3.362" errors="0" timestamp="2022-03-15T12:51:33 EDT" skipped="0">
  <testcase classname="pack1.NewTest63" name="f" time="3.362"/>
  <system-out/>
</testsuite> <!-- pack1.NewTest63 -->
